\BOOKMARK [1][-]{section.1}{\376\377\0001\000\040\000I\000n\000t\000r\000o\000d\000u\000c\000t\000i\000o\000n}{}% 1
\BOOKMARK [2][-]{subsection.1.1}{\376\377\0001\000.\0001\000\040\000B\000a\000c\000k\000g\000r\000o\000u\000n\000d\000\040\000a\000n\000d\000\040\000M\000o\000t\000i\000v\000a\000t\000i\000o\000n}{section.1}% 2
\BOOKMARK [2][-]{subsection.1.2}{\376\377\0001\000.\0002\000\040\000C\000o\000n\000t\000r\000i\000b\000u\000t\000i\000o\000n\000s}{section.1}% 3
\BOOKMARK [1][-]{section.2}{\376\377\0002\000\040\000R\000e\000l\000a\000t\000e\000d\000\040\000W\000o\000r\000k}{}% 4
\BOOKMARK [2][-]{subsection.2.1}{\376\377\0002\000.\0001\000\040\000R\000e\000t\000r\000i\000e\000v\000a\000l\000-\000A\000u\000g\000m\000e\000n\000t\000e\000d\000\040\000G\000e\000n\000e\000r\000a\000t\000i\000o\000n\000\040\000\050\000R\000A\000G\000\051}{section.2}% 5
\BOOKMARK [2][-]{subsection.2.2}{\376\377\0002\000.\0002\000\040\000C\000o\000n\000v\000e\000r\000s\000a\000t\000i\000o\000n\000a\000l\000\040\000A\000g\000e\000n\000t\000s\000\040\000a\000n\000d\000\040\000T\000o\000o\000l\000\040\000U\000s\000e}{section.2}% 6
\BOOKMARK [2][-]{subsection.2.3}{\376\377\0002\000.\0003\000\040\000M\000u\000l\000t\000i\000m\000o\000d\000a\000l\000\040\000U\000n\000d\000e\000r\000s\000t\000a\000n\000d\000i\000n\000g}{section.2}% 7
\BOOKMARK [2][-]{subsection.2.4}{\376\377\0002\000.\0004\000\040\000V\000o\000i\000c\000e\000\040\000I\000n\000t\000e\000r\000a\000c\000t\000i\000o\000n\000\040\000S\000y\000s\000t\000e\000m\000s}{section.2}% 8
\BOOKMARK [1][-]{section.3}{\376\377\0003\000\040\000S\000y\000s\000t\000e\000m\000\040\000A\000r\000c\000h\000i\000t\000e\000c\000t\000u\000r\000e}{}% 9
\BOOKMARK [2][-]{subsection.3.1}{\376\377\0003\000.\0001\000\040\000T\000e\000c\000h\000n\000o\000l\000o\000g\000y\000\040\000S\000t\000a\000c\000k}{section.3}% 10
\BOOKMARK [1][-]{section.4}{\376\377\0004\000\040\000C\000o\000r\000e\000\040\000T\000e\000c\000h\000n\000o\000l\000o\000g\000i\000e\000s}{}% 11
\BOOKMARK [2][-]{subsection.4.1}{\376\377\0004\000.\0001\000\040\000T\000w\000o\000-\000S\000t\000a\000g\000e\000\040\000R\000A\000G\000\040\000S\000y\000s\000t\000e\000m}{section.4}% 12
\BOOKMARK [3][-]{subsubsection.4.1.1}{\376\377\0004\000.\0001\000.\0001\000\040\000S\000t\000a\000g\000e\000\040\0001\000:\000\040\000D\000e\000n\000s\000e\000\040\000V\000e\000c\000t\000o\000r\000\040\000R\000e\000t\000r\000i\000e\000v\000a\000l}{subsection.4.1}% 13
\BOOKMARK [3][-]{subsubsection.4.1.2}{\376\377\0004\000.\0001\000.\0002\000\040\000S\000t\000a\000g\000e\000\040\0002\000:\000\040\000C\000r\000o\000s\000s\000-\000E\000n\000c\000o\000d\000e\000r\000\040\000R\000e\000r\000a\000n\000k\000i\000n\000g}{subsection.4.1}% 14
\BOOKMARK [3][-]{subsubsection.4.1.3}{\376\377\0004\000.\0001\000.\0003\000\040\000D\000o\000c\000u\000m\000e\000n\000t\000\040\000C\000h\000u\000n\000k\000i\000n\000g\000\040\000a\000n\000d\000\040\000I\000n\000d\000e\000x\000i\000n\000g}{subsection.4.1}% 15
\BOOKMARK [2][-]{subsection.4.2}{\376\377\0004\000.\0002\000\040\000I\000n\000t\000e\000l\000l\000i\000g\000e\000n\000t\000\040\000A\000g\000e\000n\000t\000\040\000w\000i\000t\000h\000\040\000D\000y\000n\000a\000m\000i\000c\000\040\000T\000o\000o\000l\000\040\000R\000o\000u\000t\000i\000n\000g}{section.4}% 16
\BOOKMARK [3][-]{subsubsection.4.2.1}{\376\377\0004\000.\0002\000.\0001\000\040\000I\000n\000t\000e\000n\000t\000\040\000D\000e\000t\000e\000c\000t\000i\000o\000n\000\040\000a\000n\000d\000\040\000T\000o\000o\000l\000\040\000S\000e\000l\000e\000c\000t\000i\000o\000n}{subsection.4.2}% 17
\BOOKMARK [3][-]{subsubsection.4.2.2}{\376\377\0004\000.\0002\000.\0002\000\040\000T\000o\000o\000l\000\040\000E\000x\000e\000c\000u\000t\000i\000o\000n\000\040\000w\000i\000t\000h\000\040\000F\000a\000l\000l\000b\000a\000c\000k}{subsection.4.2}% 18
\BOOKMARK [3][-]{subsubsection.4.2.3}{\376\377\0004\000.\0002\000.\0003\000\040\000A\000v\000a\000i\000l\000a\000b\000l\000e\000\040\000T\000o\000o\000l\000s}{subsection.4.2}% 19
\BOOKMARK [2][-]{subsection.4.3}{\376\377\0004\000.\0003\000\040\000D\000u\000a\000l\000-\000B\000r\000a\000i\000n\000\040\000L\000L\000M\000\040\000A\000r\000c\000h\000i\000t\000e\000c\000t\000u\000r\000e}{section.4}% 20
\BOOKMARK [3][-]{subsubsection.4.3.1}{\376\377\0004\000.\0003\000.\0001\000\040\000M\000o\000d\000e\000l\000\040\000S\000e\000l\000e\000c\000t\000i\000o\000n\000\040\000S\000t\000r\000a\000t\000e\000g\000y}{subsection.4.3}% 21
\BOOKMARK [3][-]{subsubsection.4.3.2}{\376\377\0004\000.\0003\000.\0002\000\040\000T\000a\000s\000k\000\040\000R\000o\000u\000t\000i\000n\000g\000\040\000L\000o\000g\000i\000c}{subsection.4.3}% 22
\BOOKMARK [3][-]{subsubsection.4.3.3}{\376\377\0004\000.\0003\000.\0003\000\040\000C\000o\000s\000t\000-\000E\000f\000f\000e\000c\000t\000i\000v\000e\000n\000e\000s\000s\000\040\000A\000n\000a\000l\000y\000s\000i\000s}{subsection.4.3}% 23
\BOOKMARK [2][-]{subsection.4.4}{\376\377\0004\000.\0004\000\040\000S\000p\000e\000e\000c\000h\000\040\000P\000r\000o\000c\000e\000s\000s\000i\000n\000g\000\040\000P\000i\000p\000e\000l\000i\000n\000e}{section.4}% 24
\BOOKMARK [3][-]{subsubsection.4.4.1}{\376\377\0004\000.\0004\000.\0001\000\040\000R\000e\000a\000l\000-\000T\000i\000m\000e\000\040\000S\000p\000e\000e\000c\000h\000-\000t\000o\000-\000T\000e\000x\000t}{subsection.4.4}% 25
\BOOKMARK [3][-]{subsubsection.4.4.2}{\376\377\0004\000.\0004\000.\0002\000\040\000I\000n\000t\000e\000l\000l\000i\000g\000e\000n\000t\000\040\000T\000T\000S\000\040\000T\000r\000i\000g\000g\000e\000r\000i\000n\000g}{subsection.4.4}% 26
\BOOKMARK [3][-]{subsubsection.4.4.3}{\376\377\0004\000.\0004\000.\0003\000\040\000V\000o\000i\000c\000e\000\040\000S\000e\000l\000e\000c\000t\000i\000o\000n}{subsection.4.4}% 27
\BOOKMARK [2][-]{subsection.4.5}{\376\377\0004\000.\0005\000\040\000M\000u\000l\000t\000i\000m\000o\000d\000a\000l\000\040\000P\000r\000o\000c\000e\000s\000s\000i\000n\000g}{section.4}% 28
\BOOKMARK [3][-]{subsubsection.4.5.1}{\376\377\0004\000.\0005\000.\0001\000\040\000I\000m\000a\000g\000e\000\040\000U\000n\000d\000e\000r\000s\000t\000a\000n\000d\000i\000n\000g}{subsection.4.5}% 29
\BOOKMARK [3][-]{subsubsection.4.5.2}{\376\377\0004\000.\0005\000.\0002\000\040\000S\000e\000s\000s\000i\000o\000n\000-\000B\000a\000s\000e\000d\000\040\000I\000m\000a\000g\000e\000\040\000H\000i\000s\000t\000o\000r\000y}{subsection.4.5}% 30
\BOOKMARK [1][-]{section.5}{\376\377\0005\000\040\000I\000m\000p\000l\000e\000m\000e\000n\000t\000a\000t\000i\000o\000n}{}% 31
\BOOKMARK [2][-]{subsection.5.1}{\376\377\0005\000.\0001\000\040\000B\000a\000c\000k\000e\000n\000d\000\040\000A\000P\000I\000\040\000D\000e\000s\000i\000g\000n}{section.5}% 32
\BOOKMARK [2][-]{subsection.5.2}{\376\377\0005\000.\0002\000\040\000F\000r\000o\000n\000t\000e\000n\000d\000\040\000D\000e\000s\000i\000g\000n}{section.5}% 33
\BOOKMARK [3][-]{subsubsection.5.2.1}{\376\377\0005\000.\0002\000.\0001\000\040\000L\000a\000n\000d\000i\000n\000g\000\040\000P\000a\000g\000e}{subsection.5.2}% 34
\BOOKMARK [3][-]{subsubsection.5.2.2}{\376\377\0005\000.\0002\000.\0002\000\040\000S\000y\000s\000t\000e\000m\000\040\000D\000a\000s\000h\000b\000o\000a\000r\000d}{subsection.5.2}% 35
\BOOKMARK [3][-]{subsubsection.5.2.3}{\376\377\0005\000.\0002\000.\0003\000\040\000D\000e\000m\000o\000\040\000I\000n\000t\000e\000r\000f\000a\000c\000e}{subsection.5.2}% 36
\BOOKMARK [2][-]{subsection.5.3}{\376\377\0005\000.\0003\000\040\000D\000e\000p\000l\000o\000y\000m\000e\000n\000t}{section.5}% 37
\BOOKMARK [3][-]{subsubsection.5.3.1}{\376\377\0005\000.\0003\000.\0001\000\040\000L\000o\000c\000a\000l\000\040\000D\000e\000v\000e\000l\000o\000p\000m\000e\000n\000t}{subsection.5.3}% 38
\BOOKMARK [3][-]{subsubsection.5.3.2}{\376\377\0005\000.\0003\000.\0002\000\040\000P\000r\000o\000d\000u\000c\000t\000i\000o\000n\000\040\000D\000e\000p\000l\000o\000y\000m\000e\000n\000t}{subsection.5.3}% 39
\BOOKMARK [1][-]{section.6}{\376\377\0006\000\040\000E\000v\000a\000l\000u\000a\000t\000i\000o\000n}{}% 40
\BOOKMARK [2][-]{subsection.6.1}{\376\377\0006\000.\0001\000\040\000T\000e\000s\000t\000\040\000S\000u\000i\000t\000e\000\040\000O\000v\000e\000r\000v\000i\000e\000w}{section.6}% 41
\BOOKMARK [2][-]{subsection.6.2}{\376\377\0006\000.\0002\000\040\000F\000u\000n\000c\000t\000i\000o\000n\000a\000l\000\040\000T\000e\000s\000t\000i\000n\000g\000\040\000R\000e\000s\000u\000l\000t\000s}{section.6}% 42
\BOOKMARK [3][-]{subsubsection.6.2.1}{\376\377\0006\000.\0002\000.\0001\000\040\000A\000g\000e\000n\000t\000\040\000T\000o\000o\000l\000\040\000R\000o\000u\000t\000i\000n\000g\000\040\000A\000c\000c\000u\000r\000a\000c\000y}{subsection.6.2}% 43
\BOOKMARK [3][-]{subsubsection.6.2.2}{\376\377\0006\000.\0002\000.\0002\000\040\000T\000o\000o\000l\000\040\000I\000n\000v\000o\000c\000a\000t\000i\000o\000n\000\040\000S\000t\000a\000t\000i\000s\000t\000i\000c\000s}{subsection.6.2}% 44
\BOOKMARK [2][-]{subsection.6.3}{\376\377\0006\000.\0003\000\040\000L\000L\000M\000\040\000M\000o\000d\000e\000l\000\040\000C\000o\000m\000p\000a\000r\000i\000s\000o\000n}{section.6}% 45
\BOOKMARK [2][-]{subsection.6.4}{\376\377\0006\000.\0004\000\040\000R\000e\000s\000p\000o\000n\000s\000e\000\040\000L\000a\000t\000e\000n\000c\000y\000\040\000A\000n\000a\000l\000y\000s\000i\000s}{section.6}% 46
\BOOKMARK [2][-]{subsection.6.5}{\376\377\0006\000.\0005\000\040\000R\000e\000p\000r\000e\000s\000e\000n\000t\000a\000t\000i\000v\000e\000\040\000T\000e\000s\000t\000\040\000C\000a\000s\000e\000s}{section.6}% 47
\BOOKMARK [2][-]{subsection.6.6}{\376\377\0006\000.\0006\000\040\000E\000x\000t\000e\000n\000d\000e\000d\000\040\000E\000v\000a\000l\000u\000a\000t\000i\000o\000n\000\040\000R\000e\000s\000u\000l\000t\000s}{section.6}% 48
\BOOKMARK [2][-]{subsection.6.7}{\376\377\0006\000.\0007\000\040\000E\000r\000r\000o\000r\000\040\000A\000n\000a\000l\000y\000s\000i\000s}{section.6}% 49
\BOOKMARK [2][-]{subsection.6.8}{\376\377\0006\000.\0008\000\040\000Q\000u\000a\000l\000i\000t\000a\000t\000i\000v\000e\000\040\000A\000s\000s\000e\000s\000s\000m\000e\000n\000t}{section.6}% 50
\BOOKMARK [1][-]{section.7}{\376\377\0007\000\040\000D\000i\000s\000c\000u\000s\000s\000i\000o\000n}{}% 51
\BOOKMARK [2][-]{subsection.7.1}{\376\377\0007\000.\0001\000\040\000S\000t\000r\000e\000n\000g\000t\000h\000s}{section.7}% 52
\BOOKMARK [2][-]{subsection.7.2}{\376\377\0007\000.\0002\000\040\000L\000i\000m\000i\000t\000a\000t\000i\000o\000n\000s}{section.7}% 53
\BOOKMARK [2][-]{subsection.7.3}{\376\377\0007\000.\0003\000\040\000F\000u\000t\000u\000r\000e\000\040\000W\000o\000r\000k}{section.7}% 54
\BOOKMARK [1][-]{section.8}{\376\377\0008\000\040\000C\000o\000n\000c\000l\000u\000s\000i\000o\000n}{}% 55
